
lpt120-main.elf:     file format elf32-littlearm

Sections:
Idx Name          Size      VMA       LMA       File off  Algn
  0 startup       00000190  03000000  03000000  00008000  2**2
                  CONTENTS, ALLOC, LOAD, READONLY, CODE
  1 prog_in_flash 000464a8  03004000  03004000  00014000  2**2
                  CONTENTS, ALLOC, LOAD, READONLY, CODE
  2 prog_in_sram  00012b80  02000000  0304a4a8  00060000  2**2
                  CONTENTS, ALLOC, LOAD, READONLY, CODE
  3 .ARM          00000008  02012b80  0305d028  00072b80  2**2
                  CONTENTS, ALLOC, LOAD, READONLY, DATA
  4 .data         000013b4  02012b88  0305d030  00072b88  2**3
                  CONTENTS, ALLOC, LOAD, DATA
  5 .bss          0000ae20  02013f40  0305e3e8  00073f3c  2**4
                  ALLOC
  6 boot_in_sram  00001754  02029000  03000190  00009000  2**2
                  CONTENTS, ALLOC, LOAD, READONLY, CODE
  7 .boot_data    00000010  0202c000  030018e4  0000c000  2**2
                  CONTENTS, ALLOC, LOAD, DATA
  8 .boot_bss     00001540  0202c010  030018f4  0000c010  2**2
                  ALLOC
  9 .ARM.attributes 0000002c  00000000  00000000  00073f3c  2**0
                  CONTENTS, READONLY
 10 .debug_line   0001e124  00000000  00000000  00073f68  2**0
                  CONTENTS, READONLY, DEBUGGING
 11 .debug_info   00093f82  00000000  00000000  0009208c  2**0
                  CONTENTS, READONLY, DEBUGGING
 12 .debug_abbrev 00018267  00000000  00000000  0012600e  2**0
                  CONTENTS, READONLY, DEBUGGING
 13 .debug_aranges 00004028  00000000  00000000  0013e278  2**3
                  CONTENTS, READONLY, DEBUGGING
 14 .debug_ranges 000047e0  00000000  00000000  001422a0  2**3
                  CONTENTS, READONLY, DEBUGGING
 15 .debug_loc    00035a53  00000000  00000000  00146a80  2**0
                  CONTENTS, READONLY, DEBUGGING
 16 .debug_str    00012e48  00000000  00000000  0017c4d3  2**0
                  CONTENTS, READONLY, DEBUGGING
 17 .comment      000000e0  00000000  00000000  0018f31b  2**0
                  CONTENTS, READONLY
 18 .debug_frame  0000b954  00000000  00000000  0018f3fc  2**2
                  CONTENTS, READONLY, DEBUGGING
 19 .stab         0000009c  00000000  00000000  0019ad50  2**2
                  CONTENTS, READONLY, DEBUGGING
 20 .stabstr      0000014d  00000000  00000000  0019adec  2**0
                  CONTENTS, READONLY, DEBUGGING
